C:\Users\Bita\Desktop\SWSrc\Sirc_dll\x64\Debug\cl.command.1.tlog
C:\Users\Bita\Desktop\SWSrc\Sirc_dll\x64\Debug\CL.read.1.tlog
C:\Users\Bita\Desktop\SWSrc\Sirc_dll\x64\Debug\CL.write.1.tlog
C:\USERS\BITA\DESKTOP\SWSRC\SIRC_DLL\X64\DEBUG\DLLMAIN.OBJ
C:\USERS\BITA\DESKTOP\SWSRC\SIRC_DLL\X64\DEBUG\ETH_SIRC.OBJ
C:\Users\Bita\Desktop\SWSrc\Sirc_dll\x64\Debug\link.command.1.tlog
C:\Users\Bita\Desktop\SWSrc\Sirc_dll\x64\Debug\link.read.1.tlog
C:\Users\Bita\Desktop\SWSrc\Sirc_dll\x64\Debug\link.write.1.tlog
C:\USERS\BITA\DESKTOP\SWSRC\SIRC_DLL\X64\DEBUG\PACKET.OBJ
C:\USERS\BITA\DESKTOP\SWSRC\SIRC_DLL\X64\DEBUG\PCIE_SIRC.OBJ
C:\USERS\BITA\DESKTOP\SWSRC\SIRC_DLL\X64\DEBUG\PCIE2_SIRC.OBJ
C:\Users\Bita\Desktop\SWSrc\Sirc_dll\x64\Debug\rc.command.1.tlog
C:\Users\Bita\Desktop\SWSrc\Sirc_dll\x64\Debug\rc.read.1.tlog
C:\Users\Bita\Desktop\SWSrc\Sirc_dll\x64\Debug\rc.write.1.tlog
C:\USERS\BITA\DESKTOP\SWSRC\SIRC_DLL\X64\DEBUG\SIRC.OBJ
C:\Users\Bita\Desktop\SWSrc\Sirc_dll\x64\Debug\Sirc_dll.dll.embed.manifest
C:\USERS\BITA\DESKTOP\SWSRC\SIRC_DLL\X64\DEBUG\SIRC_DLL.DLL.EMBED.MANIFEST.RES
C:\Users\Bita\Desktop\SWSrc\Sirc_dll\x64\Debug\Sirc_dll.write.1.tlog
C:\Users\Bita\Desktop\SWSrc\Sirc_dll\x64\Debug\Sirc_dll_manifest.rc
C:\USERS\BITA\DESKTOP\SWSRC\SIRC_DLL\X64\DEBUG\SIRC_SERVER.OBJ
C:\USERS\BITA\DESKTOP\SWSRC\SIRC_DLL\X64\DEBUG\SRV_SIRC.OBJ
C:\Users\Bita\Desktop\SWSrc\Sirc_dll\x64\Debug\vc100.idb
C:\USERS\BITA\DESKTOP\SWSRC\SIRC_DLL\X64\DEBUG\VC100.PDB
