Build started 4/3/2014 1:51:24 PM.
     1>Project "C:\Users\Bita\Desktop\SWSrc\eth_sirc_lib\eth_sirc_lib.vcxproj" on node 3 (rebuild target(s)).
     1>_PrepareForClean:
         Deleting file "x64\Debug\eth_sirc_lib.lastbuildstate".
       InitializeBuildStatus:
         Creating "x64\Debug\eth_sirc_lib.unsuccessfulbuild" because "AlwaysCreate" was specified.
       ClCompile:
         c:\Program Files (x86)\Microsoft Visual Studio 10.0\VC\bin\x86_amd64\CL.exe /c /Zi /nologo /W3 /WX- /Od /D WIN32 /D _DEBUG /D _LIB /D _UNICODE /D UNICODE /Gm /EHsc /RTC1 /MDd /GS /fp:precise /Zc:wchar_t /Zc:forScope /Fo"x64\Debug\\" /Fd"x64\Debug\vc100.pdb" /Gd /TP /errorReport:prompt ..\cputools.cpp ..\eth_SIRC.cpp ..\log.cpp ..\packet.cpp
         packet.cpp
         log.cpp
     1>..\log.cpp(218): warning C4005: 'LogIt' : macro redefinition
                 c:\users\bita\desktop\swsrc\log.h(42) : see previous definition of 'LogIt'
         eth_SIRC.cpp
         cputools.cpp
         Generating Code...
       Lib:
         c:\Program Files (x86)\Microsoft Visual Studio 10.0\VC\bin\x86_amd64\Lib.exe /OUT:"C:\Users\Bita\Desktop\SWSrc\x64\Debug\eth_sirc_lib.lib" /NOLOGO x64\Debug\cputools.obj
         x64\Debug\eth_SIRC.obj
         x64\Debug\log.obj
         x64\Debug\packet.obj
         eth_sirc_lib.vcxproj -> C:\Users\Bita\Desktop\SWSrc\x64\Debug\eth_sirc_lib.lib
       FinalizeBuildStatus:
         Deleting file "x64\Debug\eth_sirc_lib.unsuccessfulbuild".
         Touching "x64\Debug\eth_sirc_lib.lastbuildstate".
     1>Done Building Project "C:\Users\Bita\Desktop\SWSrc\eth_sirc_lib\eth_sirc_lib.vcxproj" (rebuild target(s)).

Build succeeded.

Time Elapsed 00:00:02.78
