Build started 5/7/2014 12:29:21 PM.
     1>Project "C:\Users\Bita\Desktop\SW_Example\eth_sirc_SW_Example.vcxproj" on node 2 (build target(s)).
     1>InitializeBuildStatus:
         Creating "Release\eth_sirc_lib_SW_Example.unsuccessfulbuild" because "AlwaysCreate" was specified.
       GenerateTargetFrameworkMonikerAttribute:
       Skipping target "GenerateTargetFrameworkMonikerAttribute" because all output files are up-to-date with respect to the input files.
       ClCompile:
         c:\Program Files (x86)\Microsoft Visual Studio 10.0\VC\bin\CL.exe /c /I"C:\Program Files (x86)\eigen\\" /I..\SWSrc /AI"C:\Program Files (x86)\Reference Assemblies\Microsoft\Framework\.NETFramework\v4.0" /Zi /clr /nologo /W3 /WX- /O2 /Oi /Oy- /GL /D WIN32 /D NDEBUG /D _CONSOLE /D _UNICODE /D UNICODE /EHa /MD /GS /Gy /fp:precise /Zc:wchar_t /Zc:forScope /Fo"Release\\" /Fd"Release\vc100.pdb" /TP /FU"C:\Program Files (x86)\Reference Assemblies\Microsoft\Framework\.NETFramework\v4.0\System.Core.dll" /FU"C:\Program Files (x86)\Reference Assemblies\Microsoft\Framework\.NETFramework\v4.0\System.Data.dll" /FU"C:\Program Files (x86)\Reference Assemblies\Microsoft\Framework\.NETFramework\v4.0\System.dll" /FU"C:\Program Files (x86)\Reference Assemblies\Microsoft\Framework\.NETFramework\v4.0\System.Drawing.dll" /FU"C:\Program Files (x86)\Reference Assemblies\Microsoft\Framework\.NETFramework\v4.0\System.Windows.Forms.dll" /FU"C:\Program Files (x86)\Reference Assemblies\Microsoft\Framework\.NETFramework\v4.0\System.Xml.dll" /analyze- /errorReport:prompt ..\SW_Example\eth_SW_Example.cpp /clr:nostdlib 
         eth_SW_Example.cpp
     1>..\SW_Example\eth_SW_Example.cpp(274): warning C4305: 'initializing' : truncation from 'double' to 'float'
     1>..\SW_Example\eth_SW_Example.cpp(279): warning C4101: 'supplen' : unreferenced local variable
     1>..\SW_Example\eth_SW_Example.cpp(280): warning C4101: 'id_col' : unreferenced local variable
     1>c:\program files (x86)\eigen\eigen\src\core\util\memory.h(793): warning C4793: 'Eigen::internal::queryCacheSizes_intel_direct' : function compiled as native :
         	Found an intrinsic not supported in managed code
     1>c:\program files (x86)\eigen\eigen\src\core\util\memory.h(822): warning C4793: 'Eigen::internal::queryCacheSizes_intel_codes' : function compiled as native :
         	Found an intrinsic not supported in managed code
     1>c:\program files (x86)\eigen\eigen\src\core\util\memory.h(926): warning C4793: 'Eigen::internal::queryCacheSizes' : function compiled as native :
         	Found an intrinsic not supported in managed code
     1>c:\program files (x86)\eigen\eigen\src\core\util\memory.h(909): warning C4793: 'Eigen::internal::queryCacheSizes_amd' : function compiled as native :
         	Found an intrinsic not supported in managed code
     1>c:\program files (x86)\eigen\eigen\src\core\util\memory.h(912): warning C4793: 'Eigen::internal::queryCacheSizes_amd' : function compiled as native :
         	Found an intrinsic not supported in managed code
     1>c:\program files (x86)\eigen\eigen\src\core\util\memory.h(909): warning C4793: 'Eigen::internal::queryCacheSizes_amd' : function compiled as native :
         	Found an intrinsic not supported in managed code
     1>c:\program files (x86)\eigen\eigen\src\core\util\memory.h(912): warning C4793: 'Eigen::internal::queryCacheSizes_amd' : function compiled as native :
         	Found an intrinsic not supported in managed code
         All outputs are up-to-date.
         All outputs are up-to-date.
       CoreResGen:
         No resources are out of date with respect to their source files. Skipping resource generation.
       Link:
         c:\Program Files (x86)\Microsoft Visual Studio 10.0\VC\bin\link.exe /ERRORREPORT:PROMPT /OUT:"C:\Users\Bita\Desktop\SW_Example\Release\eth_sirc_lib_SW_Example.exe" /INCREMENTAL:NO /NOLOGO /LIBPATH:..\SWSrc\Release eth_sirc_lib.lib Setupapi.lib powrprof.lib kernel32.lib user32.lib gdi32.lib winspool.lib comdlg32.lib advapi32.lib shell32.lib ole32.lib oleaut32.lib uuid.lib odbc32.lib odbccp32.lib /ASSEMBLYRESOURCE:Release\eth_sirc_lib_SW_Example.display.resources /MANIFEST /ManifestFile:"Release\eth_sirc_lib_SW_Example.exe.intermediate.manifest" /MANIFESTUAC:"level='asInvoker' uiAccess='false'" /DEBUG /PDB:"C:\Users\Bita\Desktop\SW_Example\Release\eth_sirc_lib_SW_Example.pdb" /SUBSYSTEM:CONSOLE /OPT:REF /OPT:ICF /LTCG /TLBID:1 /DYNAMICBASE /FIXED:NO /NXCOMPAT /MACHINE:X86 Release\sirc_util.obj
         Release\eth_SW_Example.obj
         Release\display.obj
         "Release\.NETFramework,Version=v4.0.AssemblyAttributes.obj"
         Generating code
         Finished generating code
     1>eth_sirc_lib.lib(eth_SIRC.obj) : warning LNK4204: 'C:\Users\Bita\Desktop\SW_Example\Release\vc100.pdb' is missing debugging information for referencing module; linking object as if no debug info
     1>eth_sirc_lib.lib(packet.obj) : warning LNK4204: 'C:\Users\Bita\Desktop\SW_Example\Release\vc100.pdb' is missing debugging information for referencing module; linking object as if no debug info
         eth_sirc_SW_Example.vcxproj -> C:\Users\Bita\Desktop\SW_Example\Release\eth_sirc_lib_SW_Example.exe
       Manifest:
         C:\Program Files (x86)\Microsoft SDKs\Windows\v7.0A\bin\mt.exe /nologo /verbose /outputresource:"C:\Users\Bita\Desktop\SW_Example\Release\eth_sirc_lib_SW_Example.exe;#1" /manifest Release\eth_sirc_lib_SW_Example.exe.intermediate.manifest
       FinalizeBuildStatus:
         Deleting file "Release\eth_sirc_lib_SW_Example.unsuccessfulbuild".
         Touching "Release\eth_sirc_lib_SW_Example.lastbuildstate".
     1>Done Building Project "C:\Users\Bita\Desktop\SW_Example\eth_sirc_SW_Example.vcxproj" (build target(s)).

Build succeeded.

Time Elapsed 00:00:06.20
