Build started 4/3/2014 2:41:58 PM.
     1>Project "C:\Users\Bita\Desktop\SW_Example\sirc_lib_SW_Example.vcxproj" on node 2 (build target(s)).
     1>InitializeBuildStatus:
         Creating "Release\sirc_lib_SW_Example.unsuccessfulbuild" because "AlwaysCreate" was specified.
       GenerateTargetFrameworkMonikerAttribute:
       Skipping target "GenerateTargetFrameworkMonikerAttribute" because all output files are up-to-date with respect to the input files.
       ClCompile:
         c:\Program Files (x86)\Microsoft Visual Studio 10.0\VC\bin\x86_amd64\CL.exe /c /I..\SWSrc /AI"C:\Program Files (x86)\Reference Assemblies\Microsoft\Framework\.NETFramework\v4.0" /Zi /clr /nologo /W3 /WX- /O2 /Oi /GL /D LOGIT=0 /D WIN32 /D NDEBUG /D _CONSOLE /EHa /MD /GS /fp:precise /Zc:wchar_t /Zc:forScope /Fo"Release\\" /Fd"Release\vc100.pdb" /TP /FU"C:\Program Files (x86)\Reference Assemblies\Microsoft\Framework\.NETFramework\v4.0\System.Core.dll" /FU"C:\Program Files (x86)\Reference Assemblies\Microsoft\Framework\.NETFramework\v4.0\System.Data.dll" /FU"C:\Program Files (x86)\Reference Assemblies\Microsoft\Framework\.NETFramework\v4.0\System.dll" /FU"C:\Program Files (x86)\Reference Assemblies\Microsoft\Framework\.NETFramework\v4.0\System.Drawing.dll" /FU"C:\Program Files (x86)\Reference Assemblies\Microsoft\Framework\.NETFramework\v4.0\System.Windows.Forms.dll" /FU"C:\Program Files (x86)\Reference Assemblies\Microsoft\Framework\.NETFramework\v4.0\System.Xml.dll" /errorReport:prompt ..\SWSrc\sirc_util.cpp display.cpp SW_Example.cpp /clr:nostdlib 
         sirc_util.cpp
         display.cpp
         SW_Example.cpp
         Generating Code...
         c:\Program Files (x86)\Microsoft Visual Studio 10.0\VC\bin\x86_amd64\CL.exe /c /I..\SWSrc /Zi /clr /nologo /W3 /WX- /O2 /Oi /GL /D LOGIT=0 /D WIN32 /D NDEBUG /D _CONSOLE /EHa /MD /GS /fp:precise /Zc:wchar_t /Zc:forScope /Fo"Release\\" /Fd"Release\vc100.pdb" /TP /errorReport:prompt "C:\Users\Bita\AppData\Local\Temp\.NETFramework,Version=v4.0.AssemblyAttributes.cpp"
         .NETFramework,Version=v4.0.AssemblyAttributes.cpp
       ResourceCompile:
         C:\Program Files (x86)\Microsoft SDKs\Windows\v7.0A\bin\rc.exe /l"0x0409" /nologo /fo"Release\SW_Example.res" SW_Example.rc 
       Link:
         c:\Program Files (x86)\Microsoft Visual Studio 10.0\VC\bin\x86_amd64\link.exe /ERRORREPORT:PROMPT /OUT:"C:\Users\Bita\Desktop\SW_Example\Release\sirc_lib_SW_Example.exe" /INCREMENTAL:NO /NOLOGO /LIBPATH:..\SWSrc\x64\Release Sirc_lib.lib Setupapi.lib powrprof.lib kernel32.lib user32.lib gdi32.lib winspool.lib comdlg32.lib advapi32.lib shell32.lib ole32.lib oleaut32.lib uuid.lib odbc32.lib odbccp32.lib /MANIFEST /ManifestFile:"Release\sirc_lib_SW_Example.exe.intermediate.manifest" /MANIFESTUAC:"level='asInvoker' uiAccess='false'" /DEBUG /PDB:"C:\Users\Bita\Desktop\SW_Example\Release\sirc_lib_SW_Example.pdb" /SUBSYSTEM:CONSOLE /OPT:REF /OPT:ICF /LTCG /TLBID:1 /DYNAMICBASE /FIXED:NO /NXCOMPAT /MACHINE:X64 Release\SW_Example.res
         Release\sirc_util.obj
         Release\display.obj
         Release\SW_Example.obj
         "Release\.NETFramework,Version=v4.0.AssemblyAttributes.obj"
         Generating code
         Finished generating code
     1>LINK : fatal error LNK1123: failure during conversion to COFF: file invalid or corrupt
     1>Done Building Project "C:\Users\Bita\Desktop\SW_Example\sirc_lib_SW_Example.vcxproj" (build target(s)) -- FAILED.

Build FAILED.

Time Elapsed 00:00:10.21
