C:\Users\Bita\Desktop\SWSrc\Sirc_lib\x64\Debug\cl.command.1.tlog
C:\Users\Bita\Desktop\SWSrc\Sirc_lib\x64\Debug\CL.read.1.tlog
C:\Users\Bita\Desktop\SWSrc\Sirc_lib\x64\Debug\CL.write.1.tlog
C:\USERS\BITA\DESKTOP\SWSRC\SIRC_LIB\X64\DEBUG\CPUTOOLS.OBJ
C:\USERS\BITA\DESKTOP\SWSRC\SIRC_LIB\X64\DEBUG\ETH_SIRC.OBJ
C:\Users\Bita\Desktop\SWSrc\Sirc_lib\x64\Debug\lib.command.1.tlog
C:\Users\Bita\Desktop\SWSrc\Sirc_lib\x64\Debug\Lib-link.read.1.tlog
C:\Users\Bita\Desktop\SWSrc\Sirc_lib\x64\Debug\Lib-link.write.1.tlog
C:\USERS\BITA\DESKTOP\SWSRC\SIRC_LIB\X64\DEBUG\LOG.OBJ
C:\USERS\BITA\DESKTOP\SWSRC\SIRC_LIB\X64\DEBUG\PACKET.OBJ
C:\USERS\BITA\DESKTOP\SWSRC\SIRC_LIB\X64\DEBUG\PCIE_SIRC.OBJ
C:\USERS\BITA\DESKTOP\SWSRC\SIRC_LIB\X64\DEBUG\PCIE2_SIRC.OBJ
C:\USERS\BITA\DESKTOP\SWSRC\SIRC_LIB\X64\DEBUG\SIRC.OBJ
C:\Users\Bita\Desktop\SWSrc\Sirc_lib\x64\Debug\Sirc_lib.write.1.tlog
C:\USERS\BITA\DESKTOP\SWSRC\SIRC_LIB\X64\DEBUG\SIRC_SERVER.OBJ
C:\USERS\BITA\DESKTOP\SWSRC\SIRC_LIB\X64\DEBUG\SIRC_UTIL.OBJ
C:\USERS\BITA\DESKTOP\SWSRC\SIRC_LIB\X64\DEBUG\SRV_SIRC.OBJ
C:\Users\Bita\Desktop\SWSrc\Sirc_lib\x64\Debug\vc100.idb
C:\USERS\BITA\DESKTOP\SWSRC\SIRC_LIB\X64\DEBUG\VC100.PDB
C:\USERS\BITA\DESKTOP\SWSRC\X64\DEBUG\SIRC_LIB.LIB
