Build started 4/3/2014 1:51:24 PM.
     1>Project "C:\Users\Bita\Desktop\SWSrc\Sirc_lib\Sirc_lib.vcxproj" on node 2 (rebuild target(s)).
     1>_PrepareForClean:
         Deleting file "x64\Debug\Sirc_lib.lastbuildstate".
       InitializeBuildStatus:
         Creating "x64\Debug\Sirc_lib.unsuccessfulbuild" because "AlwaysCreate" was specified.
       ClCompile:
         c:\Program Files (x86)\Microsoft Visual Studio 10.0\VC\bin\x86_amd64\CL.exe /c /I..\Pico /Zi /nologo /W3 /WX- /Od /D SIRC_DLL_LINKAGE= /D WIN32 /D _DEBUG /D _LIB /D _UNICODE /D UNICODE /Gm /EHsc /RTC1 /MDd /GS /fp:precise /Zc:wchar_t /Zc:forScope /Fo"x64\Debug\\" /Fd"x64\Debug\vc100.pdb" /Gd /TP /errorReport:prompt ..\cputools.cpp ..\eth_SIRC.cpp ..\packet.cpp ..\pcie2_SIRC.cpp ..\pcie_SIRC.cpp ..\sirc.cpp ..\sirc_server.cpp ..\sirc_util.cpp ..\srv_SIRC.cpp
         srv_SIRC.cpp
         sirc_util.cpp
         sirc_server.cpp
         sirc.cpp
         pcie_SIRC.cpp
         pcie2_SIRC.cpp
         packet.cpp
         eth_SIRC.cpp
         cputools.cpp
         Generating Code...
         c:\Program Files (x86)\Microsoft Visual Studio 10.0\VC\bin\x86_amd64\CL.exe /c /I..\Pico /Zi /nologo /W3 /WX- /Od /D LOGIT=1 /D SIRC_DLL_LINKAGE= /D WIN32 /D _DEBUG /D _LIB /D SIRC_DLL_LINKAGE= /D WIN32 /D _DEBUG /D _LIB /D _UNICODE /D UNICODE /Gm /EHsc /RTC1 /MDd /GS /fp:precise /Zc:wchar_t /Zc:forScope /Fo"x64\Debug\\" /Fd"x64\Debug\vc100.pdb" /Gd /TP /errorReport:prompt ..\log.cpp
         log.cpp
       Lib:
         c:\Program Files (x86)\Microsoft Visual Studio 10.0\VC\bin\x86_amd64\Lib.exe /OUT:"C:\Users\Bita\Desktop\SWSrc\x64\Debug\Sirc_lib.lib" /NOLOGO x64\Debug\cputools.obj
         x64\Debug\eth_SIRC.obj
         x64\Debug\log.obj
         x64\Debug\packet.obj
         x64\Debug\pcie2_SIRC.obj
         x64\Debug\pcie_SIRC.obj
         x64\Debug\sirc.obj
         x64\Debug\sirc_server.obj
         x64\Debug\sirc_util.obj
         x64\Debug\srv_SIRC.obj
         Sirc_lib.vcxproj -> C:\Users\Bita\Desktop\SWSrc\x64\Debug\Sirc_lib.lib
       FinalizeBuildStatus:
         Deleting file "x64\Debug\Sirc_lib.unsuccessfulbuild".
         Touching "x64\Debug\Sirc_lib.lastbuildstate".
     1>Done Building Project "C:\Users\Bita\Desktop\SWSrc\Sirc_lib\Sirc_lib.vcxproj" (rebuild target(s)).

Build succeeded.

Time Elapsed 00:00:06.51
